INFO: [VRFC 10-2263] Analyzing SystemVerilog file "C:/Users/Saifullah/vivado_files/pipelined_processor_with_hazards/pipelined_processor.srcs/sources_1/new/Decode_Section.sv" into library xil_defaultlib
INFO: [VRFC 10-311] analyzing module Decode_Section
INFO: [VRFC 10-2263] Analyzing SystemVerilog file "C:/Users/Saifullah/vivado_files/pipelined_processor_with_hazards/pipelined_processor.srcs/sources_1/new/Execute_Section.sv" into library xil_defaultlib
INFO: [VRFC 10-311] analyzing module Execute_Section
INFO: [VRFC 10-2263] Analyzing SystemVerilog file "C:/Users/Saifullah/vivado_files/pipelined_processor_with_hazards/pipelined_processor.srcs/sources_1/new/Fetch_Section.sv" into library xil_defaultlib
INFO: [VRFC 10-311] analyzing module Fetch_Section
INFO: [VRFC 10-2263] Analyzing SystemVerilog file "C:/Users/Saifullah/vivado_files/pipelined_processor_with_hazards/pipelined_processor.srcs/sources_1/new/adder.sv" into library xil_defaultlib
INFO: [VRFC 10-311] analyzing module adder
INFO: [VRFC 10-2263] Analyzing SystemVerilog file "C:/Users/Saifullah/vivado_files/pipelined_processor_with_hazards/pipelined_processor.srcs/sources_1/new/alu.sv" into library xil_defaultlib
INFO: [VRFC 10-311] analyzing module alu
INFO: [VRFC 10-2263] Analyzing SystemVerilog file "C:/Users/Saifullah/vivado_files/pipelined_processor_with_hazards/pipelined_processor.srcs/sources_1/new/control_unit.sv" into library xil_defaultlib
INFO: [VRFC 10-311] analyzing module control_unit
INFO: [VRFC 10-2263] Analyzing SystemVerilog file "C:/Users/Saifullah/vivado_files/pipelined_processor_with_hazards/pipelined_processor.srcs/sources_1/new/data_memory.sv" into library xil_defaultlib
INFO: [VRFC 10-311] analyzing module data_memory
INFO: [VRFC 10-2263] Analyzing SystemVerilog file "C:/Users/Saifullah/vivado_files/pipelined_processor_with_hazards/pipelined_processor.srcs/sources_1/new/extend.sv" into library xil_defaultlib
INFO: [VRFC 10-311] analyzing module extend
INFO: [VRFC 10-2263] Analyzing SystemVerilog file "C:/Users/Saifullah/vivado_files/pipelined_processor_with_hazards/pipelined_processor.srcs/sources_1/new/forward_logic.sv" into library xil_defaultlib
INFO: [VRFC 10-311] analyzing module forward_logic
INFO: [VRFC 10-2263] Analyzing SystemVerilog file "C:/Users/Saifullah/vivado_files/pipelined_processor_with_hazards/pipelined_processor.srcs/sources_1/new/instruction_memory.sv" into library xil_defaultlib
INFO: [VRFC 10-311] analyzing module instruction_memory
INFO: [VRFC 10-2263] Analyzing SystemVerilog file "C:/Users/Saifullah/vivado_files/pipelined_processor_with_hazards/pipelined_processor.srcs/sources_1/new/memory_section.sv" into library xil_defaultlib
INFO: [VRFC 10-311] analyzing module memory_section
INFO: [VRFC 10-2263] Analyzing SystemVerilog file "C:/Users/Saifullah/vivado_files/pipelined_processor_with_hazards/pipelined_processor.srcs/sources_1/new/mux.sv" into library xil_defaultlib
INFO: [VRFC 10-311] analyzing module mux
INFO: [VRFC 10-2263] Analyzing SystemVerilog file "C:/Users/Saifullah/vivado_files/pipelined_processor_with_hazards/pipelined_processor.srcs/sources_1/new/mux3.sv" into library xil_defaultlib
INFO: [VRFC 10-311] analyzing module mux3
INFO: [VRFC 10-2263] Analyzing SystemVerilog file "C:/Users/Saifullah/vivado_files/pipelined_processor_with_hazards/pipelined_processor.srcs/sources_1/new/pipelined_top_module.sv" into library xil_defaultlib
INFO: [VRFC 10-311] analyzing module pipelined_top_module
INFO: [VRFC 10-2263] Analyzing SystemVerilog file "C:/Users/Saifullah/vivado_files/pipelined_processor_with_hazards/pipelined_processor.srcs/sources_1/new/program_counter.sv" into library xil_defaultlib
INFO: [VRFC 10-311] analyzing module program_counter
INFO: [VRFC 10-2263] Analyzing SystemVerilog file "C:/Users/Saifullah/vivado_files/pipelined_processor_with_hazards/pipelined_processor.srcs/sources_1/new/register_file.sv" into library xil_defaultlib
INFO: [VRFC 10-311] analyzing module register_file
INFO: [VRFC 10-2263] Analyzing SystemVerilog file "C:/Users/Saifullah/vivado_files/pipelined_processor_with_hazards/pipelined_processor.srcs/sources_1/new/stall_flush_logic.sv" into library xil_defaultlib
INFO: [VRFC 10-311] analyzing module stall_flush_logic
INFO: [VRFC 10-2263] Analyzing SystemVerilog file "C:/Users/Saifullah/vivado_files/pipelined_processor_with_hazards/pipelined_processor.srcs/sources_1/new/write_back_section.sv" into library xil_defaultlib
INFO: [VRFC 10-311] analyzing module write_back_section
INFO: [VRFC 10-2263] Analyzing SystemVerilog file "C:/Users/Saifullah/vivado_files/pipelined_processor_with_hazards/pipelined_processor.srcs/sources_1/new/TB_Pipeline.sv" into library xil_defaultlib
INFO: [VRFC 10-311] analyzing module tb_pipelined_top_module
