Vivado Simulator 2018.2
Copyright 1986-1999, 2001-2018 Xilinx, Inc. All Rights Reserved.
Running: C:/Xilinx/Vivado/2018.2/bin/unwrapped/win64.o/xelab.exe -wto 68ba1ac349c4432797e128192781e4a0 --incr --debug typical --relax --mt 2 -L xil_defaultlib -L unisims_ver -L unimacro_ver -L secureip --snapshot tb_pipelined_top_module_behav xil_defaultlib.tb_pipelined_top_module xil_defaultlib.glbl -log elaborate.log 
Using 2 slave threads.
Starting static elaboration
WARNING: [VRFC 10-278] actual bit length 5 differs from formal bit length 32 for port RDW [C:/Users/Saifullah/vivado_files/pipelined_processor_with_hazards/pipelined_processor.srcs/sources_1/new/pipelined_top_module.sv:65]
WARNING: [VRFC 10-278] actual bit length 5 differs from formal bit length 32 for port RdE [C:/Users/Saifullah/vivado_files/pipelined_processor_with_hazards/pipelined_processor.srcs/sources_1/new/pipelined_top_module.sv:70]
WARNING: [VRFC 10-278] actual bit length 32 differs from formal bit length 25 for port ImmExtE [C:/Users/Saifullah/vivado_files/pipelined_processor_with_hazards/pipelined_processor.srcs/sources_1/new/pipelined_top_module.sv:71]
WARNING: [VRFC 10-278] actual bit length 32 differs from formal bit length 5 for port a3 [C:/Users/Saifullah/vivado_files/pipelined_processor_with_hazards/pipelined_processor.srcs/sources_1/new/Decode_Section.sv:71]
WARNING: [VRFC 10-278] actual bit length 5 differs from formal bit length 32 for port RdE [C:/Users/Saifullah/vivado_files/pipelined_processor_with_hazards/pipelined_processor.srcs/sources_1/new/pipelined_top_module.sv:102]
WARNING: [VRFC 10-278] actual bit length 5 differs from formal bit length 32 for port RdM [C:/Users/Saifullah/vivado_files/pipelined_processor_with_hazards/pipelined_processor.srcs/sources_1/new/pipelined_top_module.sv:127]
Completed static elaboration
Starting simulation data flow analysis
Completed simulation data flow analysis
Time Resolution for simulation is 1ps
Compiling module xil_defaultlib.mux
Compiling module xil_defaultlib.program_counter
Compiling module xil_defaultlib.instruction_memory
Compiling module xil_defaultlib.adder
Compiling module xil_defaultlib.Fetch_Section
Compiling module xil_defaultlib.register_file
Compiling module xil_defaultlib.extend
Compiling module xil_defaultlib.control_unit
Compiling module xil_defaultlib.Decode_Section
Compiling module xil_defaultlib.alu
Compiling module xil_defaultlib.mux3
Compiling module xil_defaultlib.Execute_Section
Compiling module xil_defaultlib.data_memory
Compiling module xil_defaultlib.memory_section
Compiling module xil_defaultlib.write_back_section
Compiling module xil_defaultlib.forward_logic
Compiling module xil_defaultlib.stall_flush_logic
Compiling module xil_defaultlib.pipelined_top_module
Compiling module xil_defaultlib.tb_pipelined_top_module
Compiling module xil_defaultlib.glbl
Built simulation snapshot tb_pipelined_top_module_behav
